STEP to UG
! INFO-     NX STEP AP214 - V2312.4001
! INFO-      
! INFO-     Start of Translation: 25-MAR-2025  1:05:57 PM
! INFO-      
! STATUS-   Converting Part: C:\Users\Usuario\Desktop\Nueva carpeta (3)\water-level-sensor-5.snapshot.5\Water level sensor.step
! SUMMARY-   
! SUMMARY-    STEP Header Information
! SUMMARY-   
! SUMMARY-  Description      Unknown
! SUMMARY-  Imp_Level        2;1
! SUMMARY-  File_Name        Water level sensor v2.step
! SUMMARY-  Date             2022-11-25T10:34:46Z
! SUMMARY-  Author           Unknown
! SUMMARY-  Organization     Unknown
! SUMMARY-  Pre_Version      ST-DEVELOPER v19.2
! SUMMARY-  Orig_System      Autodesk Translation Framework v11.17.0.187
! SUMMARY-  Authorization    Unknown
! SUMMARY-  Schema_ID        automotive_design
! SUMMARY-   
! SUMMARY-    Summary of STEP Entities
! SUMMARY-   
! SUMMARY-  Entity Type                                                   Count
! SUMMARY-  -----------                                                   ------
! SUMMARY-  advanced_face ..............................................:   1625
! SUMMARY-  application_context ........................................:      1
! SUMMARY-  axis2_placement_3d .........................................:   1015
! SUMMARY-  b_spline_curve_with_knots ..................................:   1533
! SUMMARY-  b_spline_surface_with_knots ................................:    766
! SUMMARY-  cartesian_point ............................................:  21981
! SUMMARY-  circle .....................................................:    154
! SUMMARY-  closed_shell ...............................................:     31
! SUMMARY-  cylindrical_surface ........................................:     78
! SUMMARY-  direction ..................................................:   4756
! SUMMARY-  edge_curve .................................................:   4414
! SUMMARY-  edge_loop ..................................................:   1722
! SUMMARY-  ellipse ....................................................:      1
! SUMMARY-  face_bound .................................................:     97
! SUMMARY-  face_outer_bound ...........................................:   1625
! SUMMARY-  geometric_representation_context_and_global_uncertainty_a ..:      2
! SUMMARY-  length_unit_and_si_unit ....................................:      1
! SUMMARY-  line .......................................................:   2726
! SUMMARY-  manifold_solid_brep ........................................:     31
! SUMMARY-  oriented_edge ..............................................:   8828
! SUMMARY-  plane ......................................................:    760
! SUMMARY-  plane_angle_unit_and_si_unit ...............................:      1
! SUMMARY-  product ....................................................:      1
! SUMMARY-  product_context ............................................:      1
! SUMMARY-  product_definition .........................................:      1
! SUMMARY-  product_definition_context .................................:      1
! SUMMARY-  product_definition_formation ...............................:      1
! SUMMARY-  product_definition_shape ...................................:      1
! SUMMARY-  product_related_product_category ...........................:      1
! SUMMARY-  si_unit_and_solid_angle_unit ...............................:      1
! SUMMARY-  spherical_surface ..........................................:     21
! SUMMARY-  uncertainty_measure_with_unit ..............................:      2
! SUMMARY-  vector .....................................................:   2726
! SUMMARY-  vertex_point ...............................................:   2916
! SUMMARY-                                                               -------
! SUMMARY-  Total                                                          57821
! STATUS-    
! STATUS-   Converting to Output Form (Phase 2 of 3): 25-MAR-2025 1:05:57 PM
! STATUS-    
! STATUS-    
! STATUS-   Generating UG geometry and placing them in parts
! STATUS-    
! STATUS-   Creating the UG part (Phase 3 of 3): 25-MAR-2025  1:06:00 PM
! INFO-     Filing Part ..: C:\Users\Usuario\Desktop\Nueva carpeta (3)\water-level-sensor-5.snapshot.5\Water level sensor_step.prt
! SUMMARY-   
! SUMMARY-  Summary of Unigraphics Part Entities
! SUMMARY-   
! SUMMARY-  Entities Processed             Count
! SUMMARY-  ------------------             -----
! SUMMARY-  Solid/Sheet .................:    31
! SUMMARY-                                 -----
! SUMMARY-  Total                             31
! INFO-      
! INFO-     Total number of solids input for this translation       :        31
! INFO-      
! INFO-     Number of solids created without body validation faults :        31
! INFO-      
! INFO-     Number of solids created with body validation fault(s)  :         0
! INFO-      
! INFO-     Number of solids ending up as sheet bodies              :         0
! INFO-      
! INFO-     End of Translation: 25-MAR-2025  1:06:01 PM
! INFO-      
