STEP to UG
! INFO-     NX STEP AP214 - V2312.4001
! INFO-      
! INFO-     Start of Translation: 25-MAR-2025  1:05:20 PM
! INFO-      
! STATUS-   Converting Part: C:\Users\Usuario\Desktop\Nueva carpeta (3)\hydralectric-solenoid-valve-1-2-inch-1.snapshot.1\SOLENOID_FLUSH.STEP
! SUMMARY-   
! SUMMARY-    STEP Header Information
! SUMMARY-   
! SUMMARY-  Description      STEP AP214
! SUMMARY-  Imp_Level        1
! SUMMARY-  File_Name        SOLENOID_FLUSH.STEP
! SUMMARY-  Date             2021-07-30T09:03:03
! SUMMARY-  Author           Unknown
! SUMMARY-  Organization     Unknown
! SUMMARY-  Pre_Version      SwSTEP 2.0
! SUMMARY-  Orig_System      SolidWorks 2019
! SUMMARY-  Authorization    Unknown
! SUMMARY-  Schema_ID        automotive_design
! SUMMARY-   
! SUMMARY-    Summary of STEP Entities
! SUMMARY-   
! SUMMARY-  Entity Type                                                   Count
! SUMMARY-  -----------                                                   ------
! SUMMARY-  advanced_face ..............................................:    297
! SUMMARY-  application_context ........................................:      2
! SUMMARY-  axis2_placement_3d .........................................:    488
! SUMMARY-  b_spline_curve_with_knots ..................................:    157
! SUMMARY-  b_spline_curve_with_knots_and_rational_b_spline_curve ......:     57
! SUMMARY-  b_spline_surface_with_knots ................................:      4
! SUMMARY-  b_spline_surface_with_knots_and_rational_b_spline_surface ..:     61
! SUMMARY-  cartesian_point ............................................:   8920
! SUMMARY-  circle .....................................................:    255
! SUMMARY-  closed_shell ...............................................:      5
! SUMMARY-  conical_surface ............................................:      2
! SUMMARY-  cylindrical_surface ........................................:     98
! SUMMARY-  direction ..................................................:   1219
! SUMMARY-  edge_curve .................................................:    712
! SUMMARY-  edge_loop ..................................................:    310
! SUMMARY-  face_bound .................................................:     13
! SUMMARY-  face_outer_bound ...........................................:    297
! SUMMARY-  geometric_representation_context_and_global_uncertainty_a ..:      7
! SUMMARY-  length_unit_and_si_unit ....................................:      7
! SUMMARY-  line .......................................................:    243
! SUMMARY-  manifold_solid_brep ........................................:      5
! SUMMARY-  oriented_edge ..............................................:   1424
! SUMMARY-  plane ......................................................:     80
! SUMMARY-  plane_angle_unit_and_si_unit ...............................:      7
! SUMMARY-  product ....................................................:      1
! SUMMARY-  product_context ............................................:      1
! SUMMARY-  product_definition .........................................:      1
! SUMMARY-  product_definition_context .................................:      1
! SUMMARY-  product_definition_formation_with_specified_source .........:      1
! SUMMARY-  product_definition_shape ...................................:      1
! SUMMARY-  product_related_product_category ...........................:      1
! SUMMARY-  si_unit_and_solid_angle_unit ...............................:      7
! SUMMARY-  spherical_surface ..........................................:     12
! SUMMARY-  toroidal_surface ...........................................:     40
! SUMMARY-  uncertainty_measure_with_unit ..............................:      7
! SUMMARY-  vector .....................................................:    243
! SUMMARY-  vertex_point ...............................................:    434
! SUMMARY-                                                               -------
! SUMMARY-  Total                                                          15420
! STATUS-    
! STATUS-   Converting to Output Form (Phase 2 of 3): 25-MAR-2025 1:05:20 PM
! STATUS-    
! STATUS-    
! STATUS-   Generating UG geometry and placing them in parts
! STATUS-    
! STATUS-   Creating the UG part (Phase 3 of 3): 25-MAR-2025  1:05:21 PM
! INFO-     Filing Part ..: C:\Users\Usuario\Desktop\Nueva carpeta (3)\hydralectric-solenoid-valve-1-2-inch-1.snapshot.1\SOLENOID_FLUSH_step.prt
! SUMMARY-   
! SUMMARY-  Summary of Unigraphics Part Entities
! SUMMARY-   
! SUMMARY-  Entities Processed             Count
! SUMMARY-  ------------------             -----
! SUMMARY-  Solid/Sheet .................:     5
! SUMMARY-                                 -----
! SUMMARY-  Total                              5
! INFO-      
! INFO-     Total number of solids input for this translation       :         5
! INFO-      
! INFO-     Number of solids created without body validation faults :         5
! INFO-      
! INFO-     Number of solids created with body validation fault(s)  :         0
! INFO-      
! INFO-     Number of solids ending up as sheet bodies              :         0
! INFO-      
! INFO-     End of Translation: 25-MAR-2025  1:05:22 PM
! INFO-      
