STEP to UG
! INFO-     NX STEP AP203 - V2312.4001
! INFO-      
! INFO-     Start of Translation: 11-MAR-2025  3:56:03 PM
! INFO-      
! STATUS-   Converting Part: C:\Users\Usuario\Desktop\Mock model for torret\Nueva carpeta\SKF BALL BEARING 6202 15x35x11.STEP
! SUMMARY-   
! SUMMARY-    STEP Header Information
! SUMMARY-   
! SUMMARY-  Description      STEP AP203
! SUMMARY-  Imp_Level        1
! SUMMARY-  File_Name        SKF BALL BEARING 6202 15x35x11.STEP
! SUMMARY-  Date             2021-07-30T14:03:14
! SUMMARY-  Author           Unknown
! SUMMARY-  Organization     Unknown
! SUMMARY-  Pre_Version      SwSTEP 2.0
! SUMMARY-  Orig_System      SolidWorks 2019
! SUMMARY-  Authorization    Unknown
! SUMMARY-  Schema_ID        config_control_design
! SUMMARY-   
! SUMMARY-    Summary of STEP Entities
! SUMMARY-   
! SUMMARY-  Entity Type                                                   Count
! SUMMARY-  -----------                                                   ------
! SUMMARY-  advanced_face ..............................................:    145
! SUMMARY-  application_context ........................................:      2
! SUMMARY-  approval ...................................................:      3
! SUMMARY-  approval_date_time .........................................:      3
! SUMMARY-  approval_person_organization ...............................:      3
! SUMMARY-  approval_role ..............................................:      3
! SUMMARY-  approval_status ............................................:      3
! SUMMARY-  axis2_placement_3d .........................................:    161
! SUMMARY-  b_spline_curve_with_knots ..................................:    106
! SUMMARY-  b_spline_surface_with_knots ................................:     53
! SUMMARY-  calendar_date ..............................................:      3
! SUMMARY-  cartesian_point ............................................:   4067
! SUMMARY-  circle .....................................................:     68
! SUMMARY-  closed_shell ...............................................:     12
! SUMMARY-  coordinated_universal_time_offset ..........................:      3
! SUMMARY-  cylindrical_surface ........................................:     12
! SUMMARY-  date_and_time ..............................................:      3
! SUMMARY-  direction ..................................................:    486
! SUMMARY-  edge_curve .................................................:    338
! SUMMARY-  edge_loop ..................................................:    158
! SUMMARY-  face_bound .................................................:     13
! SUMMARY-  face_outer_bound ...........................................:    145
! SUMMARY-  geometric_representation_context_and_global_uncertainty_a ..:      1
! SUMMARY-  length_unit_and_si_unit ....................................:      1
! SUMMARY-  line .......................................................:    164
! SUMMARY-  local_time .................................................:      3
! SUMMARY-  manifold_solid_brep ........................................:     12
! SUMMARY-  organization ...............................................:      1
! SUMMARY-  oriented_edge ..............................................:    676
! SUMMARY-  person .....................................................:      1
! SUMMARY-  person_and_organization ....................................:      3
! SUMMARY-  plane ......................................................:     46
! SUMMARY-  plane_angle_unit_and_si_unit ...............................:      1
! SUMMARY-  product ....................................................:      1
! SUMMARY-  product_context ............................................:      1
! SUMMARY-  product_definition .........................................:      1
! SUMMARY-  product_definition_context .................................:      1
! SUMMARY-  product_definition_formation_with_specified_source .........:      1
! SUMMARY-  product_definition_shape ...................................:      1
! SUMMARY-  product_related_product_category ...........................:      1
! SUMMARY-  si_unit_and_solid_angle_unit ...............................:      1
! SUMMARY-  spherical_surface ..........................................:     20
! SUMMARY-  toroidal_surface ...........................................:     14
! SUMMARY-  uncertainty_measure_with_unit ..............................:      1
! SUMMARY-  vector .....................................................:    164
! SUMMARY-  vertex_point ...............................................:    226
! SUMMARY-                                                               -------
! SUMMARY-  Total                                                           7132
! STATUS-    
! STATUS-   Converting to Output Form (Phase 2 of 3): 11-MAR-2025 3:56:03 PM
! STATUS-    
! STATUS-    
! STATUS-   Generating UG geometry and placing them in parts
! STATUS-    
! STATUS-   Creating the UG part (Phase 3 of 3): 11-MAR-2025  3:56:03 PM
! INFO-     Filing Part ..: C:\Users\Usuario\Desktop\Mock model for torret\Nueva carpeta\SKF BALL BEARING 6202 15x35x11_step.prt
! SUMMARY-   
! SUMMARY-  Summary of Unigraphics Part Entities
! SUMMARY-   
! SUMMARY-  Entities Processed             Count
! SUMMARY-  ------------------             -----
! SUMMARY-  Solid/Sheet .................:    12
! SUMMARY-                                 -----
! SUMMARY-  Total                             12
! INFO-      
! INFO-     Total number of solids input for this translation       :        12
! INFO-      
! INFO-     Number of solids created without body validation faults :        12
! INFO-      
! INFO-     Number of solids created with body validation fault(s)  :         0
! INFO-      
! INFO-     Number of solids ending up as sheet bodies              :         0
! INFO-      
! INFO-     End of Translation: 11-MAR-2025  3:56:04 PM
! INFO-      
