STEP to UG
! INFO-     NX STEP AP214 - V2312.4001
! INFO-      
! INFO-     Start of Translation: 19-MAY-2025  5:23:10 PM
! INFO-      
! STATUS-   Converting Part: C:\Users\Tobias\Desktop\MATHIAS OLKASSA\semester-project-2-\Pressure Tank\fittings-1-2-1.snapshot.18\VT.151.STEP
! SUMMARY-   
! SUMMARY-    STEP Header Information
! SUMMARY-   
! SUMMARY-  Description      STEP AP203
! SUMMARY-  Imp_Level        1
! SUMMARY-  File_Name        VT.151.STEP
! SUMMARY-  Date             2018-05-29T05:27:26
! SUMMARY-  Author           User
! SUMMARY-  Organization     Unknown
! SUMMARY-  Pre_Version      SwSTEP 2.0
! SUMMARY-  Orig_System      SolidWorks 2017
! SUMMARY-  Authorization    Unknown
! SUMMARY-  Schema_ID        config_control_design
! SUMMARY-   
! SUMMARY-    Summary of STEP Entities
! SUMMARY-   
! SUMMARY-  Entity Type                                                   Count
! SUMMARY-  -----------                                                   ------
! SUMMARY-  advanced_face ..............................................:    149
! SUMMARY-  application_context ........................................:      2
! SUMMARY-  approval ...................................................:      3
! SUMMARY-  approval_status ............................................:      3
! SUMMARY-  axis2_placement_3d .........................................:    270
! SUMMARY-  b_spline_curve_with_knots ..................................:     62
! SUMMARY-  b_spline_curve_with_knots_and_rational_b_spline_curve ......:     62
! SUMMARY-  b_spline_surface_with_knots_and_rational_b_spline_surface ..:      6
! SUMMARY-  calendar_date ..............................................:      3
! SUMMARY-  cartesian_point ............................................:   3950
! SUMMARY-  circle .....................................................:    126
! SUMMARY-  closed_shell ...............................................:      3
! SUMMARY-  conical_surface ............................................:     14
! SUMMARY-  coordinated_universal_time_offset ..........................:      3
! SUMMARY-  cylindrical_surface ........................................:     68
! SUMMARY-  date_and_time ..............................................:      3
! SUMMARY-  direction ..................................................:    694
! SUMMARY-  edge_curve .................................................:    404
! SUMMARY-  edge_loop ..................................................:    166
! SUMMARY-  face_bound .................................................:     17
! SUMMARY-  face_outer_bound ...........................................:    149
! SUMMARY-  geometric_representation_context_and_global_uncertainty_a ..:      1
! SUMMARY-  length_unit_and_si_unit ....................................:      1
! SUMMARY-  line .......................................................:    154
! SUMMARY-  local_time .................................................:      3
! SUMMARY-  manifold_solid_brep ........................................:      3
! SUMMARY-  organization ...............................................:      1
! SUMMARY-  oriented_edge ..............................................:    808
! SUMMARY-  person .....................................................:      1
! SUMMARY-  person_and_organization ....................................:      3
! SUMMARY-  plane ......................................................:     55
! SUMMARY-  plane_angle_unit_and_si_unit ...............................:      1
! SUMMARY-  product ....................................................:      1
! SUMMARY-  product_context ............................................:      1
! SUMMARY-  product_definition .........................................:      1
! SUMMARY-  product_definition_context .................................:      1
! SUMMARY-  product_definition_formation_with_specified_source .........:      1
! SUMMARY-  product_definition_shape ...................................:      1
! SUMMARY-  product_related_product_category ...........................:      1
! SUMMARY-  si_unit_and_solid_angle_unit ...............................:      1
! SUMMARY-  toroidal_surface ...........................................:      6
! SUMMARY-  uncertainty_measure_with_unit ..............................:      1
! SUMMARY-  vector .....................................................:    154
! SUMMARY-  vertex_point ...............................................:    266
! SUMMARY-                                                               -------
! SUMMARY-  Total                                                           7623
! STATUS-    
! STATUS-   Converting to Output Form (Phase 2 of 3): 19-MAY-2025 5:23:11 PM
! STATUS-    
! STATUS-    
! STATUS-   Generating UG geometry and placing them in parts
! STATUS-    
! STATUS-   Creating the UG part (Phase 3 of 3): 19-MAY-2025  5:23:11 PM
! INFO-     Filing Part ..: C:\Users\Tobias\Desktop\MATHIAS OLKASSA\semester-project-2-\Pressure Tank\VT.151.prt
! SUMMARY-   
! SUMMARY-  Summary of Unigraphics Part Entities
! SUMMARY-   
! SUMMARY-  Entities Processed             Count
! SUMMARY-  ------------------             -----
! SUMMARY-  Solid/Sheet .................:     3
! SUMMARY-                                 -----
! SUMMARY-  Total                              3
! INFO-      
! INFO-     Total number of solids input for this translation       :         3
! INFO-      
! INFO-     Number of solids created without body validation faults :         3
! INFO-      
! INFO-     Number of solids created with body validation fault(s)  :         0
! INFO-      
! INFO-     Number of solids ending up as sheet bodies              :         0
! INFO-      
! INFO-     End of Translation: 19-MAY-2025  5:23:11 PM
! INFO-      
