STEP to UG
! INFO-     NX STEP AP214 - V2312.4001
! INFO-      
! INFO-     Start of Translation: 19-MAY-2025  5:22:50 PM
! INFO-      
! STATUS-   Converting Part: C:\Users\Tobias\Desktop\MATHIAS OLKASSA\semester-project-2-\Pressure Tank\fittings-1-2-1.snapshot.18\VT.388.STEP
! SUMMARY-   
! SUMMARY-    STEP Header Information
! SUMMARY-   
! SUMMARY-  Description      STEP AP203
! SUMMARY-  Imp_Level        1
! SUMMARY-  File_Name        VT.388.STEP
! SUMMARY-  Date             2018-05-29T05:28:46
! SUMMARY-  Author           User
! SUMMARY-  Organization     Unknown
! SUMMARY-  Pre_Version      SwSTEP 2.0
! SUMMARY-  Orig_System      SolidWorks 2017
! SUMMARY-  Authorization    Unknown
! SUMMARY-  Schema_ID        config_control_design
! SUMMARY-   
! SUMMARY-    Summary of STEP Entities
! SUMMARY-   
! SUMMARY-  Entity Type                                                   Count
! SUMMARY-  -----------                                                   ------
! SUMMARY-  advanced_face ..............................................:    198
! SUMMARY-  application_context ........................................:      2
! SUMMARY-  approval ...................................................:      3
! SUMMARY-  approval_status ............................................:      3
! SUMMARY-  axis2_placement_3d .........................................:    263
! SUMMARY-  b_spline_curve_with_knots ..................................:     90
! SUMMARY-  b_spline_curve_with_knots_and_rational_b_spline_curve ......:    188
! SUMMARY-  b_spline_surface_with_knots_and_rational_b_spline_surface ..:     22
! SUMMARY-  calendar_date ..............................................:      3
! SUMMARY-  cartesian_point ............................................:  12544
! SUMMARY-  circle .....................................................:     86
! SUMMARY-  closed_shell ...............................................:      1
! SUMMARY-  conical_surface ............................................:     12
! SUMMARY-  coordinated_universal_time_offset ..........................:      3
! SUMMARY-  cylindrical_surface ........................................:    103
! SUMMARY-  date_and_time ..............................................:      3
! SUMMARY-  direction ..................................................:    723
! SUMMARY-  edge_curve .................................................:    561
! SUMMARY-  edge_loop ..................................................:    201
! SUMMARY-  face_bound .................................................:      3
! SUMMARY-  face_outer_bound ...........................................:    198
! SUMMARY-  geometric_representation_context_and_global_uncertainty_a ..:      1
! SUMMARY-  length_unit_and_si_unit ....................................:      1
! SUMMARY-  line .......................................................:    197
! SUMMARY-  local_time .................................................:      3
! SUMMARY-  manifold_solid_brep ........................................:      1
! SUMMARY-  organization ...............................................:      1
! SUMMARY-  oriented_edge ..............................................:   1122
! SUMMARY-  person .....................................................:      1
! SUMMARY-  person_and_organization ....................................:      3
! SUMMARY-  plane ......................................................:     57
! SUMMARY-  plane_angle_unit_and_si_unit ...............................:      1
! SUMMARY-  product ....................................................:      1
! SUMMARY-  product_context ............................................:      1
! SUMMARY-  product_definition .........................................:      1
! SUMMARY-  product_definition_context .................................:      1
! SUMMARY-  product_definition_formation_with_specified_source .........:      1
! SUMMARY-  product_definition_shape ...................................:      1
! SUMMARY-  product_related_product_category ...........................:      1
! SUMMARY-  si_unit_and_solid_angle_unit ...............................:      1
! SUMMARY-  toroidal_surface ...........................................:      4
! SUMMARY-  uncertainty_measure_with_unit ..............................:      1
! SUMMARY-  vector .....................................................:    197
! SUMMARY-  vertex_point ...............................................:    366
! SUMMARY-                                                               -------
! SUMMARY-  Total                                                          17174
! STATUS-    
! STATUS-   Converting to Output Form (Phase 2 of 3): 19-MAY-2025 5:22:50 PM
! STATUS-    
! STATUS-    
! STATUS-   Generating UG geometry and placing them in parts
! STATUS-    
! STATUS-   Creating the UG part (Phase 3 of 3): 19-MAY-2025  5:22:51 PM
! INFO-     Filing Part ..: C:\Users\Tobias\Desktop\MATHIAS OLKASSA\semester-project-2-\Pressure Tank\VT.388.prt
! SUMMARY-   
! SUMMARY-  Summary of Unigraphics Part Entities
! SUMMARY-   
! SUMMARY-  Entities Processed             Count
! SUMMARY-  ------------------             -----
! SUMMARY-  Solid/Sheet .................:     1
! SUMMARY-                                 -----
! SUMMARY-  Total                              1
! INFO-      
! INFO-     Total number of solids input for this translation       :         1
! INFO-      
! INFO-     Number of solids created without body validation faults :         1
! INFO-      
! INFO-     Number of solids created with body validation fault(s)  :         0
! INFO-      
! INFO-     Number of solids ending up as sheet bodies              :         0
! INFO-      
! INFO-     End of Translation: 19-MAY-2025  5:22:51 PM
! INFO-      
