UG to STEP
! INFO-     NX STEP AP214 - V2312.4001
! INFO-      
! INFO-     Start of Translation: 17-MAY-2025  11:49:50 AM
! INFO-      
! STATUS-   Converting Part: C:\NX 2312\Y-axis Base.prt
! SUMMARY-   
! SUMMARY-  Summary of Unigraphics Part Entities
! SUMMARY-  For Part: C:\NX 2312\Y-axis Base.prt 
! SUMMARY-  Entities Processed             Count
! SUMMARY-  ------------------             -----
! SUMMARY-  Part Attribute ..............:     1
! SUMMARY-  Font ........................:     1
! SUMMARY-  Color Table .................:     2
! SUMMARY-  Coordinate System ...........:     2
! SUMMARY-  Parameter ...................:     1
! SUMMARY-  Matrix ......................:     1
! SUMMARY-  Solid/Sheet .................:
! SUMMARY-     Body .....................:     2
! SUMMARY-                                 -----
! SUMMARY-  Total                             10
! STATUS-    
! STATUS-   Converting to Output Form (Phase 2 of 3): 17-MAY-2025 11:49:54 AM
! STATUS-    
! STATUS-    
! STATUS-   Generating UG geometry and placing them in parts
! STATUS-    
! SUMMARY-   
! SUMMARY-    STEP Header Information
! SUMMARY-   
! SUMMARY-  Description      Unknown
! SUMMARY-  Imp_Level        1
! SUMMARY-  File_Name        Y-axis Base.stp
! SUMMARY-  Date             2025-05-17T11:49:54+02:00
! SUMMARY-  Author           Unknown
! SUMMARY-  Organization     Unknown
! SUMMARY-  Pre_Version      ST-DEVELOPER v20
! SUMMARY-  Orig_System      SIEMENS PLM Software NX2312.4001
! SUMMARY-  Authorization    Unknown
! SUMMARY-  Schema_ID        step_merged_ap_schema
! SUMMARY-   
! SUMMARY-    Summary of STEP Entities
! SUMMARY-   
! SUMMARY-  Entity Type                                                   Count
! SUMMARY-  -----------                                                   ------
! SUMMARY-  advanced_face ..............................................:      8
! SUMMARY-  application_context ........................................:      1
! SUMMARY-  axis2_placement_3d .........................................:     17
! SUMMARY-  cartesian_point ............................................:     25
! SUMMARY-  circle .....................................................:      8
! SUMMARY-  closed_shell ...............................................:      2
! SUMMARY-  conversion_based_unit_and_plane_angle_unit .................:      1
! SUMMARY-  cylindrical_surface ........................................:      4
! SUMMARY-  dimensional_exponents ......................................:      1
! SUMMARY-  direction ..................................................:     34
! SUMMARY-  edge_curve .................................................:      8
! SUMMARY-  edge_loop ..................................................:     16
! SUMMARY-  face_bound .................................................:     16
! SUMMARY-  geometric_representation_context_and_global_uncertainty_a ..:      1
! SUMMARY-  length_unit_and_si_unit ....................................:      1
! SUMMARY-  manifold_solid_brep ........................................:      2
! SUMMARY-  oriented_edge ..............................................:     16
! SUMMARY-  plane ......................................................:      4
! SUMMARY-  plane_angle_measure_with_unit ..............................:      1
! SUMMARY-  plane_angle_unit_and_si_unit ...............................:      1
! SUMMARY-  product ....................................................:      1
! SUMMARY-  product_context ............................................:      1
! SUMMARY-  product_definition .........................................:      1
! SUMMARY-  product_definition_context .................................:      1
! SUMMARY-  product_definition_formation_with_specified_source .........:      1
! SUMMARY-  product_definition_shape ...................................:      1
! SUMMARY-  product_related_product_category ...........................:      1
! SUMMARY-  si_unit_and_solid_angle_unit ...............................:      1
! SUMMARY-  uncertainty_measure_with_unit ..............................:      1
! SUMMARY-  vertex_point ...............................................:      8
! SUMMARY-                                                               -------
! SUMMARY-  Total                                                            184
! INFO-     Bspline aprx. value in effect for this translation :0.025400 millimeter
! INFO-      
! INFO-     Total number of solids input for this translation  :       2
! INFO-      
! INFO-     Number of solids processed without problems        :       2
! INFO-      
! INFO-     Number of solids with problems output as sheets    :       0
! INFO-      
! INFO-     Number of solids not processed                     :       0
! INFO-      
! INFO-     End of Translation: 17-MAY-2025  11:49:55 AM
! INFO-      
